This is pdfTeX, Version 3.1415926-2.5-1.40.14 (TeX Live 2013/Debian) (format=latex 2015.12.26)  9 JAN 2016 22:33
entering extended mode
 restricted \write18 enabled.
 %&-line parsing enabled.
**note.tex
(./note.tex
LaTeX2e <2011/06/27>
Babel <3.9h> and hyphenation patterns for 2 languages loaded.
(/usr/share/texlive/texmf-dist/tex/latex/base/article.cls
Document Class: article 2007/10/19 v1.4h Standard LaTeX document class
(/usr/share/texlive/texmf-dist/tex/latex/base/size12.clo
File: size12.clo 2007/10/19 v1.4h Standard LaTeX file (size option)
)
\c@part=\count79
\c@section=\count80
\c@subsection=\count81
\c@subsubsection=\count82
\c@paragraph=\count83
\c@subparagraph=\count84
\c@figure=\count85
\c@table=\count86
\abovecaptionskip=\skip41
\belowcaptionskip=\skip42
\bibindent=\dimen102
) (./note.aux)
\openout1 = `note.aux'.

LaTeX Font Info:    Checking defaults for OML/cmm/m/it on input line 2.
LaTeX Font Info:    ... okay on input line 2.
LaTeX Font Info:    Checking defaults for T1/cmr/m/n on input line 2.
LaTeX Font Info:    ... okay on input line 2.
LaTeX Font Info:    Checking defaults for OT1/cmr/m/n on input line 2.
LaTeX Font Info:    ... okay on input line 2.
LaTeX Font Info:    Checking defaults for OMS/cmsy/m/n on input line 2.
LaTeX Font Info:    ... okay on input line 2.
LaTeX Font Info:    Checking defaults for OMX/cmex/m/n on input line 2.
LaTeX Font Info:    ... okay on input line 2.
LaTeX Font Info:    Checking defaults for U/cmr/m/n on input line 2.
LaTeX Font Info:    ... okay on input line 2.
LaTeX Font Info:    External font `cmex10' loaded for size
(Font)              <12> on input line 3.
LaTeX Font Info:    External font `cmex10' loaded for size
(Font)              <8> on input line 3.
LaTeX Font Info:    External font `cmex10' loaded for size
(Font)              <6> on input line 3.

! Undefined control sequence.
l.19 ...bf A} \left( {x} \right) {\bigtriangledowm
                                                   {u} \left( {x} \right) \r...

? 
! Missing } inserted.
<inserted text> 
                }
l.19 ...triangledowm {u} \left( {x} \right) \right
                                                  ) = {f \left( {x} \right)}
? 
! Undefined control sequence.
l.23 ...bf A} \left( {x} \right) {\bigtriangledowm
                                                   {u} \left( {x} \right) \r...

? 
! Missing } inserted.
<inserted text> 
                }
l.23 ...triangledowm {u} \left( {x} \right) \right
                                                  ) { \bullet} {n \left( x \...

? 
[1

] (./note.aux) ) 
Here is how much of TeX's memory you used:
 226 strings out of 495029
 2384 string characters out of 6181522
 48959 words of memory out of 5000000
 3512 multiletter control sequences out of 15000+600000
 7304 words of font info for 26 fonts, out of 8000000 for 9000
 14 hyphenation exceptions out of 8191
 22i,4n,19p,152b,107s stack positions out of 5000i,500n,10000p,200000b,80000s

Output written on note.dvi (1 page, 1452 bytes).
